ARM GAS  C:\Users\LINZHE~1\AppData\Local\Temp\ccKz5g1q.s 			page 1


   1              		.cpu cortex-m7
   2              		.arch armv7e-m
   3              		.fpu fpv5-d16
   4              		.eabi_attribute 28, 1
   5              		.eabi_attribute 20, 1
   6              		.eabi_attribute 21, 1
   7              		.eabi_attribute 23, 3
   8              		.eabi_attribute 24, 1
   9              		.eabi_attribute 25, 1
  10              		.eabi_attribute 26, 1
  11              		.eabi_attribute 30, 6
  12              		.eabi_attribute 34, 1
  13              		.eabi_attribute 18, 4
  14              		.file	"stm32f767zi_timer.c"
  15              		.text
  16              	.Ltext0:
  17              		.cfi_sections	.debug_frame
  18              		.section	.text.tim1_1Hz_init,"ax",%progbits
  19              		.align	1
  20              		.global	tim1_1Hz_init
  21              		.syntax unified
  22              		.thumb
  23              		.thumb_func
  25              	tim1_1Hz_init:
  26              	.LFB0:
  27              		.file 1 "./Src/stm32f767zi_timer.c"
   1:./Src/stm32f767zi_timer.c **** /**
   2:./Src/stm32f767zi_timer.c ****  * @file stm32f767zi_timer.c
   3:./Src/stm32f767zi_timer.c ****  * @author zheyi613 (zheyi880613@gmail.com)
   4:./Src/stm32f767zi_timer.c ****  * @brief timer
   5:./Src/stm32f767zi_timer.c ****  * @date 2022-08-18
   6:./Src/stm32f767zi_timer.c ****  */
   7:./Src/stm32f767zi_timer.c **** 
   8:./Src/stm32f767zi_timer.c **** #include "stm32f767zi_timer.h"
   9:./Src/stm32f767zi_timer.c **** 
  10:./Src/stm32f767zi_timer.c **** void tim1_1Hz_init(void)
  11:./Src/stm32f767zi_timer.c **** {
  28              		.loc 1 11 1
  29              		.cfi_startproc
  30              		@ args = 0, pretend = 0, frame = 0
  31              		@ frame_needed = 1, uses_anonymous_args = 0
  32              		@ link register save eliminated.
  33 0000 80B4     		push	{r7}
  34              	.LCFI0:
  35              		.cfi_def_cfa_offset 4
  36              		.cfi_offset 7, -4
  37 0002 00AF     		add	r7, sp, #0
  38              	.LCFI1:
  39              		.cfi_def_cfa_register 7
  12:./Src/stm32f767zi_timer.c **** 	// Enable clock access to TIM1
  13:./Src/stm32f767zi_timer.c **** 	RCC->APB2ENR |= TIM1_CLK_EN;
  40              		.loc 1 13 15
  41 0004 0C4B     		ldr	r3, .L2
  42 0006 5B6C     		ldr	r3, [r3, #68]
  43 0008 0B4A     		ldr	r2, .L2
  44 000a 43F00103 		orr	r3, r3, #1
  45 000e 5364     		str	r3, [r2, #68]
ARM GAS  C:\Users\LINZHE~1\AppData\Local\Temp\ccKz5g1q.s 			page 2


  14:./Src/stm32f767zi_timer.c **** 	// Set the prescaler
  15:./Src/stm32f767zi_timer.c **** 	TIM1->PSC = 1600 - 1; // 16000000 / 1600 = 10000
  46              		.loc 1 15 6
  47 0010 0A4B     		ldr	r3, .L2+4
  48              		.loc 1 15 12
  49 0012 40F23F62 		movw	r2, #1599
  50 0016 9A62     		str	r2, [r3, #40]
  16:./Src/stm32f767zi_timer.c **** 	// Set auto-reload value
  17:./Src/stm32f767zi_timer.c **** 	TIM1->ARR = 10000 - 1;
  51              		.loc 1 17 6
  52 0018 084B     		ldr	r3, .L2+4
  53              		.loc 1 17 12
  54 001a 42F20F72 		movw	r2, #9999
  55 001e DA62     		str	r2, [r3, #44]
  18:./Src/stm32f767zi_timer.c **** 	// Enable timer
  19:./Src/stm32f767zi_timer.c **** 	TIM1->CR1 |= TIM_CR1_CEN;
  56              		.loc 1 19 12
  57 0020 064B     		ldr	r3, .L2+4
  58 0022 1B68     		ldr	r3, [r3]
  59 0024 054A     		ldr	r2, .L2+4
  60 0026 43F00103 		orr	r3, r3, #1
  61 002a 1360     		str	r3, [r2]
  20:./Src/stm32f767zi_timer.c **** }
  62              		.loc 1 20 1
  63 002c 00BF     		nop
  64 002e BD46     		mov	sp, r7
  65              	.LCFI2:
  66              		.cfi_def_cfa_register 13
  67              		@ sp needed
  68 0030 5DF8047B 		ldr	r7, [sp], #4
  69              	.LCFI3:
  70              		.cfi_restore 7
  71              		.cfi_def_cfa_offset 0
  72 0034 7047     		bx	lr
  73              	.L3:
  74 0036 00BF     		.align	2
  75              	.L2:
  76 0038 00380240 		.word	1073887232
  77 003c 00000140 		.word	1073807360
  78              		.cfi_endproc
  79              	.LFE0:
  81              		.section	.text.tim1_1Hz_interrupt_init,"ax",%progbits
  82              		.align	1
  83              		.global	tim1_1Hz_interrupt_init
  84              		.syntax unified
  85              		.thumb
  86              		.thumb_func
  88              	tim1_1Hz_interrupt_init:
  89              	.LFB1:
  21:./Src/stm32f767zi_timer.c **** 
  22:./Src/stm32f767zi_timer.c **** void tim1_1Hz_interrupt_init(void)
  23:./Src/stm32f767zi_timer.c **** {
  90              		.loc 1 23 1
  91              		.cfi_startproc
  92              		@ args = 0, pretend = 0, frame = 0
  93              		@ frame_needed = 1, uses_anonymous_args = 0
  94              		@ link register save eliminated.
ARM GAS  C:\Users\LINZHE~1\AppData\Local\Temp\ccKz5g1q.s 			page 3


  95 0000 80B4     		push	{r7}
  96              	.LCFI4:
  97              		.cfi_def_cfa_offset 4
  98              		.cfi_offset 7, -4
  99 0002 00AF     		add	r7, sp, #0
 100              	.LCFI5:
 101              		.cfi_def_cfa_register 7
  24:./Src/stm32f767zi_timer.c **** 	// Enable clock access to TIM1
  25:./Src/stm32f767zi_timer.c **** 	RCC->APB2ENR |= TIM1_CLK_EN;
 102              		.loc 1 25 15
 103 0004 144B     		ldr	r3, .L5
 104 0006 5B6C     		ldr	r3, [r3, #68]
 105 0008 134A     		ldr	r2, .L5
 106 000a 43F00103 		orr	r3, r3, #1
 107 000e 5364     		str	r3, [r2, #68]
  26:./Src/stm32f767zi_timer.c **** 	// Set the prescaler
  27:./Src/stm32f767zi_timer.c **** 	TIM1->PSC = 1600 - 1; // 16000000 / 1600 = 10000
 108              		.loc 1 27 6
 109 0010 124B     		ldr	r3, .L5+4
 110              		.loc 1 27 12
 111 0012 40F23F62 		movw	r2, #1599
 112 0016 9A62     		str	r2, [r3, #40]
  28:./Src/stm32f767zi_timer.c **** 	// Set auto-reload value
  29:./Src/stm32f767zi_timer.c **** 	TIM1->ARR = 10000 - 1;
 113              		.loc 1 29 6
 114 0018 104B     		ldr	r3, .L5+4
 115              		.loc 1 29 12
 116 001a 42F20F72 		movw	r2, #9999
 117 001e DA62     		str	r2, [r3, #44]
  30:./Src/stm32f767zi_timer.c **** 	// Enable TIM1 update interrupt
  31:./Src/stm32f767zi_timer.c **** 	TIM1->DIER |= TIM_DIER_UIE;
 118              		.loc 1 31 13
 119 0020 0E4B     		ldr	r3, .L5+4
 120 0022 DB68     		ldr	r3, [r3, #12]
 121 0024 0D4A     		ldr	r2, .L5+4
 122 0026 43F00103 		orr	r3, r3, #1
 123 002a D360     		str	r3, [r2, #12]
  32:./Src/stm32f767zi_timer.c **** 	// Enable TIM1 update interrupt in NVIC
  33:./Src/stm32f767zi_timer.c **** 	NVIC->ISER[(((uint32_t)TIM1_UP_TIM10_IRQn) >> 5UL)] =
 124              		.loc 1 33 6
 125 002c 0C4B     		ldr	r3, .L5+8
 126              		.loc 1 33 54
 127 002e 4FF00072 		mov	r2, #33554432
 128 0032 1A60     		str	r2, [r3]
  34:./Src/stm32f767zi_timer.c **** 		(uint32_t)(1UL << (((uint32_t)TIM1_UP_TIM10_IRQn) & 0x1FUL));
  35:./Src/stm32f767zi_timer.c **** 	// Enable timer
  36:./Src/stm32f767zi_timer.c **** 	TIM1->CR1 |= TIM_CR1_CEN;
 129              		.loc 1 36 12
 130 0034 094B     		ldr	r3, .L5+4
 131 0036 1B68     		ldr	r3, [r3]
 132 0038 084A     		ldr	r2, .L5+4
 133 003a 43F00103 		orr	r3, r3, #1
 134 003e 1360     		str	r3, [r2]
  37:./Src/stm32f767zi_timer.c **** 	// Force update generation
  38:./Src/stm32f767zi_timer.c **** 	TIM1->EGR |= TIM_EGR_UG;
 135              		.loc 1 38 12
 136 0040 064B     		ldr	r3, .L5+4
ARM GAS  C:\Users\LINZHE~1\AppData\Local\Temp\ccKz5g1q.s 			page 4


 137 0042 5B69     		ldr	r3, [r3, #20]
 138 0044 054A     		ldr	r2, .L5+4
 139 0046 43F00103 		orr	r3, r3, #1
 140 004a 5361     		str	r3, [r2, #20]
  39:./Src/stm32f767zi_timer.c **** }
 141              		.loc 1 39 1
 142 004c 00BF     		nop
 143 004e BD46     		mov	sp, r7
 144              	.LCFI6:
 145              		.cfi_def_cfa_register 13
 146              		@ sp needed
 147 0050 5DF8047B 		ldr	r7, [sp], #4
 148              	.LCFI7:
 149              		.cfi_restore 7
 150              		.cfi_def_cfa_offset 0
 151 0054 7047     		bx	lr
 152              	.L6:
 153 0056 00BF     		.align	2
 154              	.L5:
 155 0058 00380240 		.word	1073887232
 156 005c 00000140 		.word	1073807360
 157 0060 00E100E0 		.word	-536813312
 158              		.cfi_endproc
 159              	.LFE1:
 161              		.section	.text.tim1_interrupt_init,"ax",%progbits
 162              		.align	1
 163              		.global	tim1_interrupt_init
 164              		.syntax unified
 165              		.thumb
 166              		.thumb_func
 168              	tim1_interrupt_init:
 169              	.LFB2:
  40:./Src/stm32f767zi_timer.c **** 
  41:./Src/stm32f767zi_timer.c **** void tim1_interrupt_init(uint16_t freq)
  42:./Src/stm32f767zi_timer.c **** {
 170              		.loc 1 42 1
 171              		.cfi_startproc
 172              		@ args = 0, pretend = 0, frame = 8
 173              		@ frame_needed = 1, uses_anonymous_args = 0
 174              		@ link register save eliminated.
 175 0000 80B4     		push	{r7}
 176              	.LCFI8:
 177              		.cfi_def_cfa_offset 4
 178              		.cfi_offset 7, -4
 179 0002 83B0     		sub	sp, sp, #12
 180              	.LCFI9:
 181              		.cfi_def_cfa_offset 16
 182 0004 00AF     		add	r7, sp, #0
 183              	.LCFI10:
 184              		.cfi_def_cfa_register 7
 185 0006 0346     		mov	r3, r0
 186 0008 FB80     		strh	r3, [r7, #6]	@ movhi
  43:./Src/stm32f767zi_timer.c **** 	// Enable clock access to TIM1
  44:./Src/stm32f767zi_timer.c **** 	RCC->APB2ENR |= TIM1_CLK_EN;
 187              		.loc 1 44 15
 188 000a 174B     		ldr	r3, .L8
 189 000c 5B6C     		ldr	r3, [r3, #68]
ARM GAS  C:\Users\LINZHE~1\AppData\Local\Temp\ccKz5g1q.s 			page 5


 190 000e 164A     		ldr	r2, .L8
 191 0010 43F00103 		orr	r3, r3, #1
 192 0014 5364     		str	r3, [r2, #68]
  45:./Src/stm32f767zi_timer.c **** 	// Set the prescaler
  46:./Src/stm32f767zi_timer.c **** 	TIM1->PSC = 1600 - 1; // 16000000 / 1600 = 10000
 193              		.loc 1 46 6
 194 0016 154B     		ldr	r3, .L8+4
 195              		.loc 1 46 12
 196 0018 40F23F62 		movw	r2, #1599
 197 001c 9A62     		str	r2, [r3, #40]
  47:./Src/stm32f767zi_timer.c **** 	// Set auto-reload value
  48:./Src/stm32f767zi_timer.c **** 	TIM1->ARR = (10000 / freq) - 1;
 198              		.loc 1 48 21
 199 001e FB88     		ldrh	r3, [r7, #6]
 200 0020 42F21072 		movw	r2, #10000
 201 0024 92FBF3F3 		sdiv	r3, r2, r3
 202              		.loc 1 48 29
 203 0028 5A1E     		subs	r2, r3, #1
 204              		.loc 1 48 6
 205 002a 104B     		ldr	r3, .L8+4
 206              		.loc 1 48 12
 207 002c DA62     		str	r2, [r3, #44]
  49:./Src/stm32f767zi_timer.c **** 	// Enable TIM1 update interrupt
  50:./Src/stm32f767zi_timer.c **** 	TIM1->DIER |= TIM_DIER_UIE;
 208              		.loc 1 50 13
 209 002e 0F4B     		ldr	r3, .L8+4
 210 0030 DB68     		ldr	r3, [r3, #12]
 211 0032 0E4A     		ldr	r2, .L8+4
 212 0034 43F00103 		orr	r3, r3, #1
 213 0038 D360     		str	r3, [r2, #12]
  51:./Src/stm32f767zi_timer.c **** 	// Enable TIM1 update interrupt in NVIC
  52:./Src/stm32f767zi_timer.c **** 	NVIC->ISER[(((uint32_t)TIM1_UP_TIM10_IRQn) >> 5UL)] =
 214              		.loc 1 52 6
 215 003a 0D4B     		ldr	r3, .L8+8
 216              		.loc 1 52 54
 217 003c 4FF00072 		mov	r2, #33554432
 218 0040 1A60     		str	r2, [r3]
  53:./Src/stm32f767zi_timer.c **** 		(uint32_t)(1UL << (((uint32_t)TIM1_UP_TIM10_IRQn) & 0x1FUL));
  54:./Src/stm32f767zi_timer.c **** 	// Enable timer
  55:./Src/stm32f767zi_timer.c **** 	TIM1->CR1 |= TIM_CR1_CEN;
 219              		.loc 1 55 12
 220 0042 0A4B     		ldr	r3, .L8+4
 221 0044 1B68     		ldr	r3, [r3]
 222 0046 094A     		ldr	r2, .L8+4
 223 0048 43F00103 		orr	r3, r3, #1
 224 004c 1360     		str	r3, [r2]
  56:./Src/stm32f767zi_timer.c **** 	// Force update generation
  57:./Src/stm32f767zi_timer.c **** 	TIM1->EGR |= TIM_EGR_UG;
 225              		.loc 1 57 12
 226 004e 074B     		ldr	r3, .L8+4
 227 0050 5B69     		ldr	r3, [r3, #20]
 228 0052 064A     		ldr	r2, .L8+4
 229 0054 43F00103 		orr	r3, r3, #1
 230 0058 5361     		str	r3, [r2, #20]
  58:./Src/stm32f767zi_timer.c **** }...
 231              		.loc 1 58 1
 232 005a 00BF     		nop
ARM GAS  C:\Users\LINZHE~1\AppData\Local\Temp\ccKz5g1q.s 			page 6


 233 005c 0C37     		adds	r7, r7, #12
 234              	.LCFI11:
 235              		.cfi_def_cfa_offset 4
 236 005e BD46     		mov	sp, r7
 237              	.LCFI12:
 238              		.cfi_def_cfa_register 13
 239              		@ sp needed
 240 0060 5DF8047B 		ldr	r7, [sp], #4
 241              	.LCFI13:
 242              		.cfi_restore 7
 243              		.cfi_def_cfa_offset 0
 244 0064 7047     		bx	lr
 245              	.L9:
 246 0066 00BF     		.align	2
 247              	.L8:
 248 0068 00380240 		.word	1073887232
 249 006c 00000140 		.word	1073807360
 250 0070 00E100E0 		.word	-536813312
 251              		.cfi_endproc
 252              	.LFE2:
 254              		.text
 255              	.Letext0:
 256              		.file 2 "d:\\gcc-arm-none-eabi-10.3-2021.10\\arm-none-eabi\\include\\machine\\_default_types.h"
 257              		.file 3 "d:\\gcc-arm-none-eabi-10.3-2021.10\\arm-none-eabi\\include\\sys\\_stdint.h"
 258              		.file 4 "./Inc/stm32f767zi_hal.h"
ARM GAS  C:\Users\LINZHE~1\AppData\Local\Temp\ccKz5g1q.s 			page 7


DEFINED SYMBOLS
                            *ABS*:00000000 stm32f767zi_timer.c
C:\Users\LINZHE~1\AppData\Local\Temp\ccKz5g1q.s:19     .text.tim1_1Hz_init:00000000 $t
C:\Users\LINZHE~1\AppData\Local\Temp\ccKz5g1q.s:25     .text.tim1_1Hz_init:00000000 tim1_1Hz_init
C:\Users\LINZHE~1\AppData\Local\Temp\ccKz5g1q.s:76     .text.tim1_1Hz_init:00000038 $d
C:\Users\LINZHE~1\AppData\Local\Temp\ccKz5g1q.s:82     .text.tim1_1Hz_interrupt_init:00000000 $t
C:\Users\LINZHE~1\AppData\Local\Temp\ccKz5g1q.s:88     .text.tim1_1Hz_interrupt_init:00000000 tim1_1Hz_interrupt_init
C:\Users\LINZHE~1\AppData\Local\Temp\ccKz5g1q.s:155    .text.tim1_1Hz_interrupt_init:00000058 $d
C:\Users\LINZHE~1\AppData\Local\Temp\ccKz5g1q.s:162    .text.tim1_interrupt_init:00000000 $t
C:\Users\LINZHE~1\AppData\Local\Temp\ccKz5g1q.s:168    .text.tim1_interrupt_init:00000000 tim1_interrupt_init
C:\Users\LINZHE~1\AppData\Local\Temp\ccKz5g1q.s:248    .text.tim1_interrupt_init:00000068 $d

NO UNDEFINED SYMBOLS
