ARM GAS  C:\Users\LINZHE~1\AppData\Local\Temp\ccMQthEq.s 			page 1


   1              		.cpu cortex-m7
   2              		.arch armv7e-m
   3              		.fpu fpv5-d16
   4              		.eabi_attribute 28, 1
   5              		.eabi_attribute 20, 1
   6              		.eabi_attribute 21, 1
   7              		.eabi_attribute 23, 3
   8              		.eabi_attribute 24, 1
   9              		.eabi_attribute 25, 1
  10              		.eabi_attribute 26, 1
  11              		.eabi_attribute 30, 6
  12              		.eabi_attribute 34, 1
  13              		.eabi_attribute 18, 4
  14              		.file	"stm32f767zi_gpio.c"
  15              		.text
  16              	.Ltext0:
  17              		.cfi_sections	.debug_frame
  18              		.section	.text.gpio_set_mode,"ax",%progbits
  19              		.align	1
  20              		.global	gpio_set_mode
  21              		.syntax unified
  22              		.thumb
  23              		.thumb_func
  25              	gpio_set_mode:
  26              	.LFB0:
  27              		.file 1 "./Src/stm32f767zi_gpio.c"
   1:./Src/stm32f767zi_gpio.c **** /**
   2:./Src/stm32f767zi_gpio.c ****  * @file stm32f767zi_gpio.c
   3:./Src/stm32f767zi_gpio.c ****  * @author zheyi613 (zheyi880613@gmail.com)
   4:./Src/stm32f767zi_gpio.c ****  * @brief GPIO
   5:./Src/stm32f767zi_gpio.c ****  * @date 2022-08-10
   6:./Src/stm32f767zi_gpio.c ****  */
   7:./Src/stm32f767zi_gpio.c **** 
   8:./Src/stm32f767zi_gpio.c **** #include "stm32f767zi_gpio.h"
   9:./Src/stm32f767zi_gpio.c **** 
  10:./Src/stm32f767zi_gpio.c **** void gpio_set_mode(GPIO_reg_t *GPIOx, uint32_t position, uint32_t mode)
  11:./Src/stm32f767zi_gpio.c **** {
  28              		.loc 1 11 1
  29              		.cfi_startproc
  30              		@ args = 0, pretend = 0, frame = 16
  31              		@ frame_needed = 1, uses_anonymous_args = 0
  32              		@ link register save eliminated.
  33 0000 80B4     		push	{r7}
  34              	.LCFI0:
  35              		.cfi_def_cfa_offset 4
  36              		.cfi_offset 7, -4
  37 0002 85B0     		sub	sp, sp, #20
  38              	.LCFI1:
  39              		.cfi_def_cfa_offset 24
  40 0004 00AF     		add	r7, sp, #0
  41              	.LCFI2:
  42              		.cfi_def_cfa_register 7
  43 0006 F860     		str	r0, [r7, #12]
  44 0008 B960     		str	r1, [r7, #8]
  45 000a 7A60     		str	r2, [r7, #4]
  12:./Src/stm32f767zi_gpio.c **** 	GPIOx->MODER &= ~(0x03 << (position * 2));
  46              		.loc 1 12 15
ARM GAS  C:\Users\LINZHE~1\AppData\Local\Temp\ccMQthEq.s 			page 2


  47 000c FB68     		ldr	r3, [r7, #12]
  48 000e 1B68     		ldr	r3, [r3]
  49              		.loc 1 12 38
  50 0010 BA68     		ldr	r2, [r7, #8]
  51 0012 5200     		lsls	r2, r2, #1
  52              		.loc 1 12 25
  53 0014 0321     		movs	r1, #3
  54 0016 01FA02F2 		lsl	r2, r1, r2
  55              		.loc 1 12 18
  56 001a D243     		mvns	r2, r2
  57              		.loc 1 12 15
  58 001c 1A40     		ands	r2, r2, r3
  59 001e FB68     		ldr	r3, [r7, #12]
  60 0020 1A60     		str	r2, [r3]
  13:./Src/stm32f767zi_gpio.c **** 	GPIOx->MODER |= mode << (position * 2);
  61              		.loc 1 13 15
  62 0022 FB68     		ldr	r3, [r7, #12]
  63 0024 1A68     		ldr	r2, [r3]
  64              		.loc 1 13 36
  65 0026 BB68     		ldr	r3, [r7, #8]
  66 0028 5B00     		lsls	r3, r3, #1
  67              		.loc 1 13 23
  68 002a 7968     		ldr	r1, [r7, #4]
  69 002c 01FA03F3 		lsl	r3, r1, r3
  70              		.loc 1 13 15
  71 0030 1A43     		orrs	r2, r2, r3
  72 0032 FB68     		ldr	r3, [r7, #12]
  73 0034 1A60     		str	r2, [r3]
  14:./Src/stm32f767zi_gpio.c **** }...
  74              		.loc 1 14 1
  75 0036 00BF     		nop
  76 0038 1437     		adds	r7, r7, #20
  77              	.LCFI3:
  78              		.cfi_def_cfa_offset 4
  79 003a BD46     		mov	sp, r7
  80              	.LCFI4:
  81              		.cfi_def_cfa_register 13
  82              		@ sp needed
  83 003c 5DF8047B 		ldr	r7, [sp], #4
  84              	.LCFI5:
  85              		.cfi_restore 7
  86              		.cfi_def_cfa_offset 0
  87 0040 7047     		bx	lr
  88              		.cfi_endproc
  89              	.LFE0:
  91              		.text
  92              	.Letext0:
  93              		.file 2 "d:\\gcc-arm-none-eabi-10.3-2021.10\\arm-none-eabi\\include\\machine\\_default_types.h"
  94              		.file 3 "d:\\gcc-arm-none-eabi-10.3-2021.10\\arm-none-eabi\\include\\sys\\_stdint.h"
  95              		.file 4 "./Inc/stm32f767zi_hal.h"
ARM GAS  C:\Users\LINZHE~1\AppData\Local\Temp\ccMQthEq.s 			page 3


DEFINED SYMBOLS
                            *ABS*:00000000 stm32f767zi_gpio.c
C:\Users\LINZHE~1\AppData\Local\Temp\ccMQthEq.s:19     .text.gpio_set_mode:00000000 $t
C:\Users\LINZHE~1\AppData\Local\Temp\ccMQthEq.s:25     .text.gpio_set_mode:00000000 gpio_set_mode

NO UNDEFINED SYMBOLS
