make.exe all --print-data-base --no-builtin-variables --no-builtin-rules --question
# GNU Make 4.2.1
# Built for x86_64-w64-mingw32
# Copyright (C) 1988-2016 Free Software Foundation, Inc.
# License GPLv3+: GNU GPL version 3 or later <http://gnu.org/licenses/gpl.html>
# This is free software: you are free to change and redistribute it.
# There is NO WARRANTY, to the extent permitted by law.

# Make data base, printed on Wed Aug 10 10:20:13 2022

# Variables

# 'override' directive
GNUMAKEFLAGS := 
# automatic
<D = $(patsubst %/,%,$(patsubst %\,%,$(dir $<)))
# automatic
?F = $(notdir $?)
# default
.SHELLFLAGS := -c
# makefile (from 'Makefile', line 71)
LDSCRIPT = STM32F767ZITx_FLASH.ld
# makefile
MAKEFLAGS = pqrR
# makefile (from 'Makefile', line 6)
TARGET = main
# automatic
?D = $(patsubst %/,%,$(patsubst %\,%,$(dir $?)))
# makefile (from 'Makefile', line 42)
AS_DEFS = 
# makefile (from 'Makefile', line 49)
AS_INCLUDES = 
# automatic
@D = $(patsubst %/,%,$(patsubst %\,%,$(dir $@)))
# environment
HOMEDRIVE = C:
# automatic
@F = $(notdir $@)
# automatic
^D = $(patsubst %/,%,$(patsubst %\,%,$(dir $^)))
# makefile
CURDIR := e:/stm32f767zi/peripheral_practice
# default
SHELL := sh.exe
# makefile (from 'Makefile', line 13)
C_ALL_SOURCES = $(wildcard ./Src/*.c)
# environment
WINDIR = C:\Windows
# environment
VSCODE_NLS_CONFIG = {"locale":"zh-tw","availableLanguages":{"*":"zh-tw"},"_languagePackId":"781b7ebe22283cc49ae0f6b2a60a7843.zh-tw","_translationsConfigFile":"C:\\Users\\DCS_LAB\\AppData\\Roaming\\Code\\clp\\781b7ebe22283cc49ae0f6b2a60a7843.zh-tw\\tcf.json","_cacheRoot":"C:\\Users\\DCS_LAB\\AppData\\Roaming\\Code\\clp\\781b7ebe22283cc49ae0f6b2a60a7843.zh-tw","_resolvedLanguagePackCoreLocation":"C:\\Users\\DCS_LAB\\AppData\\Roaming\\Code\\clp\\781b7ebe22283cc49ae0f6b2a60a7843.zh-tw\\da76f93349a72022ca4670c1b84860304616aaa2","_corruptedFile":"C:\\Users\\DCS_LAB\\AppData\\Roaming\\Code\\clp\\781b7ebe222 
83cc49ae0f6b2a60a7843.zh-tw\\corrupted.info","_languagePackSupport":true}
# makefile (from 'Makefile', line 26)
SZ = $(PREFIX)size -A
# makefile (from 'Makefile', line 67)
CFLAGS = $(MCU) $(C_DEFS) $(C_INCLUDES) $(OPT) -Wall -fdata-sections -ffunction-sections -gdwarf-2 -MMD -MP -MF"$(@:%.o=%.d)"
# environment
ONEDRIVE = C:\Users\DCS_LAB\OneDrive
# environment
PATHEXT = .COM;.EXE;.BAT;.CMD;.VBS;.VBE;.JS;.JSE;.WSF;.WSH;.MSC
# makefile (from 'Build/test_led_button.d', line 1)
MAKEFILE_LIST :=  Makefile Build/startup_stm32f767xx.d Build/main.d Build/test_led_button.d
# environment
FPS_BROWSER_USER_PROFILE_STRING = Default
# makefile (from 'Makefile', line 8)
DEBUG = 1
# environment
TMP = C:\Users\DCS_LAB\AppData\Local\Temp
# makefile (from 'Makefile', line 24)
AS = $(PREFIX)gcc -x assembler-with-cpp
# environment
PROGRAMW6432 = C:\Program Files
# environment
PROGRAMDATA = C:\ProgramData
# environment
VSCODE_CWD = E:\stm32f767zi\peripheral_practice
# default
MAKE_HOST := x86_64-w64-mingw32
# environment
PATH = C:\Windows\system32;C:\Windows;C:\Windows\System32\Wbem;C:\Windows\System32\WindowsPowerShell\v1.0\;C:\Windows\System32\OpenSSH\;C:\Program Files\MATLAB\R2022a\runtime\win64;C:\Program Files\MATLAB\R2022a\bin;C:\Program Files\PuTTY\;C:\Program Files\dotnet\;C:\Program Files\Git\cmd;E:\cmake-3.24.0-rc3-windows-x86_64\bin;E:\x86_64-8.1.0-release-posix-sjlj-rt_v6-rev0\mingw64\bin;E:\gcc-arm-none-eabi-10.3-2021.10\bin;C:\Users\DCS_LAB\AppData\Local\Microsoft\WindowsApps;;C:\Users\DCS_LAB\AppData\Local\Programs\Microsoft VS Code\bin
# environment
COMMONPROGRAMW6432 = C:\Program Files\Common Files
# environment
PROCESSOR_ARCHITECTURE = AMD64
# environment
USERPROFILE = C:\Users\DCS_LAB
# environment
ALLUSERSPROFILE = C:\ProgramData
# environment
NUMBER_OF_PROCESSORS = 4
# environment
ELECTRON_RUN_AS_NODE = 1
# makefile (from 'Makefile', line 80)
LDFLAGS = $(MCU) -specs=nano.specs -T$(LDSCRIPT) $(LIBDIR) $(LIBS) -Wl,-Map=$(BUILD_DIR)/$(TARGET).map,--cref -Wl,--gc-sections
# default
.FEATURES := target-specific order-only second-expansion else-if shortest-stem undefine oneshell archives jobserver output-sync
# automatic
%F = $(notdir $%)
# environment
CHROME_CRASHPAD_PIPE_NAME = \\.\pipe\crashpad_5824_JXYNNXEMDKJZVRMJ
# makefile (from 'Makefile', line 17)
ASM_SOURCES = startup_stm32f767xx.s
# makefile (from 'Makefile', line 54)
OPT = -O0
# environment
COMPUTERNAME = DESKTOP-JH2RL94
# environment
PROGRAMFILES = C:\Program Files
# default
.LOADED := 
# environment
DRIVERDATA = C:\Windows\System32\Drivers\DriverData
# environment
ORIGINAL_XDG_CURRENT_DESKTOP = undefined
# environment
USERNAME = DCS_LAB
# environment
PUBLIC = C:\Users\Public
# environment
VSCODE_AMD_ENTRYPOINT = vs/workbench/api/node/extensionHostProcess
# environment
HOME = C:\Users\DCS_LAB
# environment
VSCODE_CODE_CACHE_PATH = C:\Users\DCS_LAB\AppData\Roaming\Code\CachedData\da76f93349a72022ca4670c1b84860304616aaa2
# environment
APPLICATION_INSIGHTS_NO_DIAGNOSTIC_CHANNEL = true
# environment
COMMONPROGRAMFILES = C:\Program Files\Common Files
# environment
LOGONSERVER = \\DESKTOP-JH2RL94
# makefile (from 'Makefile', line 20)
PREFIX = arm-none-eabi-
# environment
VSCODE_HANDLES_UNCAUGHT_ERRORS = true
# environment
USERDOMAIN = DESKTOP-JH2RL94
# makefile (from 'Makefile', line 44)
C_DEFS = 
# environment
MAKELEVEL := 0
# makefile (from 'Makefile', line 39)
MCU = $(CPU) -mthumb $(FPU) $(FLOAT-ABI)
# makefile (from 'Makefile', line 51)
C_INCLUDES = -I./Inc
# default
MAKE = $(MAKE_COMMAND)
# default
MAKECMDGOALS := all
# makefile (from 'Makefile', line 37)
FLOAT-ABI = -mfloat-abi=hard
# makefile (from 'Makefile', line 22)
CC = $(PREFIX)gcc
# makefile (from 'Makefile', line 10)
BUILD_DIR = Build
# makefile (from 'Makefile', line 59)
ASFLAGS = $(MCU) $(AS_DEFS) $(AS_INCLUDES) $(OPT) -Wall -fdata-sections -ffunction-sections
# default
MAKE_VERSION := 4.2.1
# makefile
.DEFAULT_GOAL := all
# environment
PROGRAMFILES(X86) = C:\Program Files (x86)
# automatic
%D = $(patsubst %/,%,$(patsubst %\,%,$(dir $%)))
# makefile (from 'Makefile', line 33)
CPU = -mcpu=cortex-m7
# makefile (from 'Makefile', line 35)
FPU = -mfpu=fpv5-d16
# environment
LOCALAPPDATA = C:\Users\DCS_LAB\AppData\Local
# environment
PSMODULEPATH = C:\Program Files\WindowsPowerShell\Modules;C:\Windows\system32\WindowsPowerShell\v1.0\Modules
# default
MAKE_COMMAND := make.exe
# makefile (from 'Makefile', line 76)
LIBDIR = 
# default
.VARIABLES := 
# automatic
*F = $(notdir $*)
# environment
PROCESSOR_IDENTIFIER = Intel64 Family 6 Model 60 Stepping 3, GenuineIntel
# environment
OS = Windows_NT
# environment
VSCODE_IPC_HOOK = \\.\pipe\1505c4ce8a47c0324441a7f04a6af100-1.70.0-main-sock
# environment
HOMEPATH = \Users\DCS_LAB
# environment
COMMONPROGRAMFILES(X86) = C:\Program Files (x86)\Common Files
# environment
PROMPT = $P$G
# environment
MFLAGS = -pqrR
# automatic
*D = $(patsubst %/,%,$(patsubst %\,%,$(dir $*)))
# environment
SYSTEMROOT = C:\Windows
# automatic
+D = $(patsubst %/,%,$(patsubst %\,%,$(dir $+)))
# automatic
+F = $(notdir $+)
# environment
APPDATA = C:\Users\DCS_LAB\AppData\Roaming
# environment
TEMP = C:\Users\DCS_LAB\AppData\Local\Temp
# environment
COMSPEC = C:\Windows\system32\cmd.exe
# default
MAKEFILES := 
# automatic
<F = $(notdir $<)
# environment
LC_ALL = C
# makefile (from 'Makefile', line 75)
LIBS = -lc -lm -lnosys 
# automatic
^F = $(notdir $^)
# makefile (from 'Makefile', line 15)
C_SOURCES = $(filter-out ./Src/test_led_button.c, $(C_ALL_SOURCES))
# default
SUFFIXES := 
# environment
SYSTEMDRIVE = C:
# environment
SESSIONNAME = Console
# environment
PROCESSOR_REVISION = 3c03
# default
.RECIPEPREFIX := 
# makefile (from 'Makefile', line 88)
OBJECTS = $(addprefix $(BUILD_DIR)/,$(notdir $(C_SOURCES:.c=.o))) $(addprefix $(BUILD_DIR)/,$(notdir $(ASM_SOURCES:.s=.o)))
# environment
LANG = C
# environment
PROCESSOR_LEVEL = 6
# environment
FPS_BROWSER_APP_PROFILE_STRING = Internet Explorer
# environment
VSCODE_PID = 5824
# environment
USERDOMAIN_ROAMINGPROFILE = DESKTOP-JH2RL94
# variable set hash-table stats:
# Load=114/1024=11%, Rehash=0, Collisions=17/167=10%

# Pattern-specific Variable Values

# No pattern-specific variable values.

# Directories

# . (key e:/stm32f767zi/peripheral_practice, mtime 1660016860): 12 files, no impossibilities.
# Build (key e:/stm32f767zi/peripheral_practice/Build, mtime 1660098002): 14 files, no impossibilities.
# ./Src (key e:/stm32f767zi/peripheral_practice/Src, mtime 1660097098): 4 files, no impossibilities.

# 30 files, no impossibilities in 3 directories.

# Implicit Rules

Build/%.o: %.c Makefile | Build
#  recipe to execute (from 'Makefile', line 92):
	$(CC) -c $(CFLAGS) -Wa,-a,-ad,-alms=$(BUILD_DIR)/$(notdir $(<:.c=.lst)) $< -o $@

Build/%.o: %.s Makefile | Build
#  recipe to execute (from 'Makefile', line 95):
	$(AS) -c $(CFLAGS) $< -o $@

# 2 implicit rules, 0 (0.0%) terminal.

# Files

# Not a target:
Build/test_led_button.d:
#  Implicit rule search has been done.
#  Last modified 2022-08-10 10:17:12
#  File has been updated.
#  Successfully updated.

Build/startup_stm32f767xx.o: startup_stm32f767xx.s Makefile startup_stm32f767xx.s | Build
#  Implicit rule search has been done.
#  Implicit/static pattern stem: 'startup_stm32f767xx'
#  Last modified 2022-08-10 10:20:02
#  File has been updated.
#  Successfully updated.
#  recipe to execute (from 'Makefile', line 95):
	$(AS) -c $(CFLAGS) $< -o $@

Build/main.o: ./Src/main.c Makefile Src/main.c Inc/stm32f767zi_hal.h Inc/stm32f767zi_user.h | Build
#  Implicit rule search has been done.
#  Implicit/static pattern stem: 'main'
#  Last modified 2022-08-10 10:20:02
#  File has been updated.
#  Successfully updated.
#  recipe to execute (from 'Makefile', line 92):
	$(CC) -c $(CFLAGS) -Wa,-a,-ad,-alms=$(BUILD_DIR)/$(notdir $(<:.c=.lst)) $< -o $@

all: Build/main.elf
#  Command line target.
#  Implicit rule search has been done.
#  File does not exist.
#  File has been updated.
#  Successfully updated.

.PHONY: clean
#  Implicit rule search has not been done.
#  Modification time never checked.
#  File has not been updated.

Build/main.elf: Build/main.o Build/startup_stm32f767xx.o Makefile
#  Implicit rule search has not been done.
#  Last modified 2022-08-10 10:20:02
#  File has been updated.
#  Successfully updated.
#  recipe to execute (from 'Makefile', line 98):
	$(CC) $(OBJECTS) $(LDFLAGS) -o $@
	$(SZ) $@
	

# Not a target:
Makefile:
#  Implicit rule search has been done.
#  Last modified 2022-08-10 10:19:36
#  File has been updated.
#  Successfully updated.

Build/test_led_button.o: Src/test_led_button.c Inc/stm32f767zi_hal.h Inc/stm32f767zi_user.h
#  Implicit rule search has not been done.
#  Modification time never checked.
#  File has not been updated.

Build:
#  Implicit rule search has not been done.
#  Last modified 2022-08-10 10:20:02
#  File has been updated.
#  Successfully updated.
#  recipe to execute (from 'Makefile', line 102):
	mkdir $@		

# Not a target:
Src/main.c:
#  Implicit rule search has been done.
#  Last modified 2022-08-10 10:05:53
#  File has been updated.
#  Successfully updated.

# Not a target:
.DEFAULT:
#  Implicit rule search has not been done.
#  Modification time never checked.
#  File has not been updated.

Inc/stm32f767zi_user.h:
#  Implicit rule search has been done.
#  Last modified 2022-08-10 10:07:06
#  File has been updated.
#  Successfully updated.

# Not a target:
Src/test_led_button.c:
#  Implicit rule search has not been done.
#  Modification time never checked.
#  File has not been updated.

clean:
#  Phony target (prerequisite of .PHONY).
#  Implicit rule search has not been done.
#  File does not exist.
#  File has not been updated.
#  recipe to execute (from 'Makefile', line 106):
	-rm -fR $(BUILD_DIR)

Inc/stm32f767zi_hal.h:
#  Implicit rule search has been done.
#  Last modified 2022-08-10 10:06:26
#  File has been updated.
#  Successfully updated.

# Not a target:
./Src/main.c:
#  Implicit rule search has been done.
#  Last modified 2022-08-10 10:05:53
#  File has been updated.
#  Successfully updated.

# Not a target:
Build/startup_stm32f767xx.d:
#  Implicit rule search has been done.
#  Last modified 2022-08-10 10:20:02
#  File has been updated.
#  Successfully updated.

# Not a target:
Build/main.d:
#  Implicit rule search has been done.
#  Last modified 2022-08-10 10:20:02
#  File has been updated.
#  Successfully updated.

# Not a target:
startup_stm32f767xx.s:
#  Implicit rule search has been done.
#  Last modified 2022-08-04 16:36:09
#  File has been updated.
#  Successfully updated.

# files hash-table stats:
# Load=20/1024=2%, Rehash=0, Collisions=0/76=0%
# VPATH Search Paths

vpath %.c ./Src

# 1 'vpath' search paths.

# No general ('VPATH' variable) search path.

# strcache buffers: 1 (0) / strings = 50 / storage = 661 B / avg = 13 B
# current buf: size = 8162 B / used = 661 B / count = 50 / avg = 13 B

# strcache performance: lookups = 107 / hit rate = 53%
# hash-table stats:
# Load=50/8192=1%, Rehash=0, Collisions=3/107=3%
# Finished Make data base on Wed Aug 10 10:20:13 2022

 
